2025-12-20T11:08:05.321  WARN --- [  MainThread] localstack.deprecations    : PORT_WEB_UI is deprecated (since 0.12.8) and will be removed in upcoming releases of LocalStack! PORT_WEB_UI has been removed, and is not available anymore. Please remove this environment variable.
2025-12-20T11:08:05.321  WARN --- [  MainThread] localstack.deprecations    : HOST_TMP_FOLDER is deprecated (since 1.0.0) and will be removed in upcoming releases of LocalStack! Please remove this environment variable.
2025-12-20T11:08:06.335  WARN --- [-functhread3] hypercorn.error            : ASGI Framework Lifespan error, continuing without Lifespan support
2025-12-20T11:08:06.335  WARN --- [-functhread3] hypercorn.error            : ASGI Framework Lifespan error, continuing without Lifespan support
2025-12-20T11:08:06.336  INFO --- [-functhread3] hypercorn.error            : Running on https://0.0.0.0:4566 (CTRL + C to quit)
2025-12-20T11:08:06.336  INFO --- [-functhread3] hypercorn.error            : Running on https://0.0.0.0:4566 (CTRL + C to quit)
2025-12-20T11:08:06.525  INFO --- [  MainThread] localstack.utils.bootstrap : Execution of "start_runtime_components" took 903.44ms
2025-12-20T11:08:17.800  INFO --- [   asgi_gw_1] localstack.request.aws     : AWS sts.GetCallerIdentity => 200
2025-12-20T11:08:17.810  INFO --- [   asgi_gw_2] localstack.request.aws     : AWS iam.GetRole => 404 (NoSuchEntity)
2025-12-20T11:08:17.859  INFO --- [   asgi_gw_0] localstack.request.aws     : AWS sns.GetTopicAttributes => 404 (NotFound)
2025-12-20T11:08:17.883  INFO --- [   asgi_gw_1] localstack.request.aws     : AWS iam.ListAttachedRolePolicies => 404 (NoSuchEntity)
2025-12-20T11:08:17.953  INFO --- [functhread18] l.services.motoserver      : starting moto server on http://0.0.0.0:37707
2025-12-20T11:08:17.965  INFO --- [   asgi_gw_1] localstack.services.infra  : Starting mock S3 service on http port 4566 ...
2025-12-20T11:08:18.182  INFO --- [   asgi_gw_1] localstack.request.aws     : AWS s3.HeadBucket => 404 (404)
2025-12-20T11:08:18.200  INFO --- [   asgi_gw_2] localstack.request.aws     : AWS iam.GetPolicy => 404 (NoSuchEntity)
2025-12-20T11:08:18.209  INFO --- [   asgi_gw_2] localstack.request.aws     : AWS s3.GetPublicAccessBlock => 404 (NoSuchBucket)
2025-12-20T11:08:18.220  INFO --- [   asgi_gw_3] localstack.utils.bootstrap : Execution of "require" took 547.10ms
2025-12-20T11:08:18.222  INFO --- [   asgi_gw_3] localstack.request.aws     : AWS iam.GetRole => 404 (NoSuchEntity)
2025-12-20T11:08:18.228  INFO --- [   asgi_gw_3] localstack.request.aws     : AWS iam.GetRolePolicy => 404 (NoSuchEntity)
2025-12-20T11:08:18.768  INFO --- [   asgi_gw_0] localstack.request.aws     : AWS ssm.GetParameter => 400 (ParameterNotFound)
2025-12-20T11:08:25.869  INFO --- [   asgi_gw_3] localstack.request.aws     : AWS iam.GetRole => 404 (NoSuchEntity)
2025-12-20T11:08:25.871  INFO --- [   asgi_gw_1] localstack.request.aws     : AWS sts.GetCallerIdentity => 200
2025-12-20T11:08:25.871  INFO --- [   asgi_gw_0] localstack.request.aws     : AWS sns.GetTopicAttributes => 404 (NotFound)
2025-12-20T11:08:25.873  INFO --- [   asgi_gw_2] localstack.request.aws     : AWS iam.GetRole => 404 (NoSuchEntity)
2025-12-20T11:08:25.903  INFO --- [   asgi_gw_3] localstack.request.aws     : AWS iam.ListAttachedRolePolicies => 404 (NoSuchEntity)
2025-12-20T11:08:25.907  INFO --- [   asgi_gw_1] localstack.request.aws     : AWS ssm.GetParameter => 400 (ParameterNotFound)
2025-12-20T11:08:25.914  INFO --- [   asgi_gw_2] localstack.request.aws     : AWS s3.HeadBucket => 404 (404)
2025-12-20T11:08:25.946  INFO --- [   asgi_gw_1] localstack.request.aws     : AWS iam.GetPolicy => 404 (NoSuchEntity)
2025-12-20T11:08:25.947  INFO --- [   asgi_gw_3] localstack.request.aws     : AWS s3.GetPublicAccessBlock => 404 (NoSuchBucket)
2025-12-20T11:08:25.960  INFO --- [   asgi_gw_0] localstack.request.aws     : AWS iam.GetRolePolicy => 404 (NoSuchEntity)
2025-12-20T11:08:44.219  INFO --- [   asgi_gw_3] localstack.request.aws     : AWS iam.GetRole => 404 (NoSuchEntity)
2025-12-20T11:08:44.222  INFO --- [   asgi_gw_3] localstack.request.aws     : AWS sts.GetCallerIdentity => 200
2025-12-20T11:08:44.225  INFO --- [   asgi_gw_3] localstack.request.aws     : AWS iam.GetRole => 404 (NoSuchEntity)
2025-12-20T11:08:44.228  INFO --- [   asgi_gw_3] localstack.request.aws     : AWS sns.GetTopicAttributes => 404 (NotFound)
2025-12-20T11:08:44.255  INFO --- [   asgi_gw_0] localstack.request.aws     : AWS s3.HeadBucket => 404 (404)
2025-12-20T11:08:44.264  INFO --- [   asgi_gw_3] localstack.request.aws     : AWS ssm.GetParameter => 400 (ParameterNotFound)
2025-12-20T11:08:44.270  INFO --- [   asgi_gw_2] localstack.request.aws     : AWS iam.ListAttachedRolePolicies => 404 (NoSuchEntity)
2025-12-20T11:08:44.279  INFO --- [   asgi_gw_2] localstack.request.aws     : AWS iam.GetPolicy => 404 (NoSuchEntity)
2025-12-20T11:08:44.281  INFO --- [   asgi_gw_1] localstack.request.aws     : AWS s3.GetPublicAccessBlock => 404 (NoSuchBucket)
2025-12-20T11:08:44.291  INFO --- [   asgi_gw_3] localstack.request.aws     : AWS iam.GetRolePolicy => 404 (NoSuchEntity)
2025-12-20T11:08:50.392  INFO --- [   asgi_gw_2] localstack.request.aws     : AWS sts.GetCallerIdentity => 200
2025-12-20T11:08:50.397  INFO --- [   asgi_gw_0] localstack.request.aws     : AWS iam.GetRole => 404 (NoSuchEntity)
2025-12-20T11:08:50.399  INFO --- [   asgi_gw_3] localstack.request.aws     : AWS sns.GetTopicAttributes => 404 (NotFound)
2025-12-20T11:08:50.402  INFO --- [   asgi_gw_1] localstack.request.aws     : AWS iam.GetRole => 404 (NoSuchEntity)
2025-12-20T11:08:50.434  INFO --- [   asgi_gw_2] localstack.request.aws     : AWS s3.HeadBucket => 404 (404)
2025-12-20T11:08:50.450  INFO --- [   asgi_gw_0] localstack.request.aws     : AWS iam.ListAttachedRolePolicies => 404 (NoSuchEntity)
2025-12-20T11:08:50.455  INFO --- [   asgi_gw_1] localstack.request.aws     : AWS ssm.GetParameter => 400 (ParameterNotFound)
2025-12-20T11:08:50.482  INFO --- [   asgi_gw_3] localstack.request.aws     : AWS iam.GetPolicy => 404 (NoSuchEntity)
2025-12-20T11:08:50.488  INFO --- [   asgi_gw_2] localstack.request.aws     : AWS s3.GetPublicAccessBlock => 404 (NoSuchBucket)
2025-12-20T11:08:50.505  INFO --- [   asgi_gw_1] localstack.request.aws     : AWS iam.GetRolePolicy => 404 (NoSuchEntity)
2025-12-20T11:08:52.561  INFO --- [   asgi_gw_1] localstack.request.aws     : AWS iam.CreateRole => 200
2025-12-20T11:08:52.565  INFO --- [   asgi_gw_0] localstack.request.aws     : AWS iam.CreateRole => 200
2025-12-20T11:08:52.584  INFO --- [   asgi_gw_2] localstack.request.aws     : AWS s3.CreateBucket => 200
2025-12-20T11:08:52.602  INFO --- [   asgi_gw_2] localstack.request.aws     : AWS iam.GetRole => 200
2025-12-20T11:08:52.603  INFO --- [   asgi_gw_1] localstack.request.aws     : AWS s3.HeadBucket => 200
2025-12-20T11:08:52.609  INFO --- [   asgi_gw_0] localstack.request.aws     : AWS iam.GetRole => 200
2025-12-20T11:08:52.628  INFO --- [   asgi_gw_0] localstack.request.aws     : AWS iam.ListRolePolicies => 200
2025-12-20T11:08:52.635  INFO --- [   asgi_gw_2] localstack.request.aws     : AWS iam.ListAttachedRolePolicies => 200
2025-12-20T11:08:52.656  INFO --- [   asgi_gw_1] localstack.request.aws     : AWS iam.ListRolePolicies => 200
2025-12-20T11:08:52.669  INFO --- [   asgi_gw_1] localstack.request.aws     : AWS iam.ListAttachedRolePolicies => 200
2025-12-20T11:08:52.671  INFO --- [   asgi_gw_0] localstack.request.aws     : AWS s3.PutBucketVersioning => 200
2025-12-20T11:08:52.687  INFO --- [   asgi_gw_3] localstack.request.aws     : AWS sns.CreateTopic => 200
2025-12-20T11:08:52.690  INFO --- [   asgi_gw_1] localstack.request.aws     : AWS iam.AttachRolePolicy => 200
2025-12-20T11:08:52.696  INFO --- [   asgi_gw_0] localstack.request.aws     : AWS iam.ListAttachedRolePolicies => 200
2025-12-20T11:08:52.698  INFO --- [   asgi_gw_1] localstack.request.aws     : AWS sns.SetTopicAttributes => 200
2025-12-20T11:08:52.703  INFO --- [   asgi_gw_3] localstack.request.aws     : AWS sns.SetTopicAttributes => 200
2025-12-20T11:08:52.708  INFO --- [   asgi_gw_1] localstack.request.aws     : AWS sns.SetTopicAttributes => 200
2025-12-20T11:08:52.716  INFO --- [   asgi_gw_3] localstack.request.aws     : AWS sns.SetTopicAttributes => 200
2025-12-20T11:08:52.720  INFO --- [   asgi_gw_1] localstack.request.aws     : AWS sns.SetTopicAttributes => 200
2025-12-20T11:08:52.728  INFO --- [   asgi_gw_3] localstack.request.aws     : AWS sns.GetTopicAttributes => 200
2025-12-20T11:08:52.739  INFO --- [   asgi_gw_1] localstack.request.aws     : AWS sns.ListTagsForResource => 200
2025-12-20T11:08:53.110  INFO --- [   asgi_gw_2] localstack.request.aws     : AWS s3.PutBucketLifecycleConfiguration => 200
2025-12-20T11:08:53.122  INFO --- [   asgi_gw_0] localstack.request.aws     : AWS s3.PutBucketEncryption => 200
2025-12-20T11:08:53.136  INFO --- [   asgi_gw_2] localstack.request.aws     : AWS s3.HeadBucket => 200
2025-12-20T11:08:53.154  INFO --- [   asgi_gw_0] localstack.request.aws     : AWS s3.GetBucketPolicy => 404 (NoSuchBucketPolicy)
2025-12-20T11:08:53.168  INFO --- [   asgi_gw_2] localstack.request.aws     : AWS s3.GetBucketAcl => 200
2025-12-20T11:08:53.178  INFO --- [   asgi_gw_3] localstack.request.aws     : AWS ssm.PutParameter => 200
2025-12-20T11:08:53.185  INFO --- [   asgi_gw_1] localstack.request.aws     : AWS ssm.GetParameter => 200
2025-12-20T11:08:53.191  INFO --- [   asgi_gw_2] localstack.request.aws     : AWS ssm.DescribeParameters => 200
2025-12-20T11:08:53.195  INFO --- [   asgi_gw_1] localstack.request.aws     : AWS ssm.ListTagsForResource => 200
2025-12-20T11:08:53.258  INFO --- [   asgi_gw_0] localstack.request.aws     : AWS s3.GetBucketCors => 404 (NoSuchCORSConfiguration)
2025-12-20T11:08:53.265  INFO --- [   asgi_gw_1] localstack.request.aws     : AWS s3.GetBucketWebsite => 404 (NoSuchWebsiteConfiguration)
2025-12-20T11:08:53.275  INFO --- [   asgi_gw_2] localstack.request.aws     : AWS s3.GetBucketVersioning => 200
2025-12-20T11:08:53.282  INFO --- [   asgi_gw_3] localstack.request.aws     : AWS s3.GetBucketAccelerateConfiguration => 200
2025-12-20T11:08:53.316  INFO --- [   asgi_gw_0] localstack.request.aws     : AWS s3.GetBucketRequestPayment => 200
2025-12-20T11:08:53.324  INFO --- [   asgi_gw_2] localstack.request.aws     : AWS s3.GetBucketLogging => 200
2025-12-20T11:08:53.359  INFO --- [   asgi_gw_1] localstack.request.aws     : AWS s3.GetBucketLifecycleConfiguration => 200
2025-12-20T11:08:53.387  INFO --- [   asgi_gw_0] localstack.request.aws     : AWS s3.GetBucketReplication => 404 (ReplicationConfigurationNotFoundError)
2025-12-20T11:08:53.394  INFO --- [   asgi_gw_2] localstack.request.aws     : AWS s3.GetBucketEncryption => 200
2025-12-20T11:08:53.400  INFO --- [   asgi_gw_3] localstack.request.aws     : AWS s3.GetObjectLockConfiguration => 404 (ObjectLockConfigurationNotFoundError)
2025-12-20T11:08:53.405  INFO --- [   asgi_gw_1] localstack.request.aws     : AWS s3.HeadBucket => 200
2025-12-20T11:08:53.412  INFO --- [   asgi_gw_0] localstack.request.aws     : AWS s3.GetBucketTagging => 404 (NoSuchTagSet)
2025-12-20T11:08:53.432  INFO --- [   asgi_gw_1] localstack.request.aws     : AWS iam.CreatePolicy => 200
2025-12-20T11:08:53.446  INFO --- [   asgi_gw_2] localstack.request.aws     : AWS s3.PutPublicAccessBlock => 200
2025-12-20T11:08:53.450  INFO --- [   asgi_gw_0] localstack.request.aws     : AWS iam.GetPolicy => 200
2025-12-20T11:08:53.466  INFO --- [   asgi_gw_1] localstack.request.aws     : AWS s3.GetPublicAccessBlock => 200
2025-12-20T11:08:53.470  INFO --- [   asgi_gw_2] localstack.request.aws     : AWS iam.GetPolicyVersion => 200
2025-12-20T11:08:53.477  INFO --- [   asgi_gw_0] localstack.request.aws     : AWS s3.GetPublicAccessBlock => 200
2025-12-20T11:08:53.519  INFO --- [   asgi_gw_1] localstack.request.aws     : AWS iam.PutRolePolicy => 200
2025-12-20T11:08:53.541  INFO --- [   asgi_gw_3] localstack.request.aws     : AWS iam.GetRolePolicy => 200
2025-12-20T11:08:53.546  INFO --- [   asgi_gw_1] localstack.request.aws     : AWS iam.GetRolePolicy => 200
2025-12-20T11:08:53.576 ERROR --- [   asgi_gw_0] l.aws.handlers.logging     : exception during call chain: Operation detection failed. Missing Action in request for query-protocol service ServiceModel(sqs).
2025-12-20T11:08:53.578  INFO --- [   asgi_gw_0] localstack.request.http    : POST / => 500
2025-12-20T11:08:53.649 ERROR --- [   asgi_gw_2] l.aws.handlers.logging     : exception during call chain: Operation detection failed. Missing Action in request for query-protocol service ServiceModel(sqs).
2025-12-20T11:08:53.650  INFO --- [   asgi_gw_2] localstack.request.http    : POST / => 500
2025-12-20T11:08:53.868 ERROR --- [   asgi_gw_3] l.aws.handlers.logging     : exception during call chain: Operation detection failed. Missing Action in request for query-protocol service ServiceModel(sqs).
2025-12-20T11:08:53.869  INFO --- [   asgi_gw_3] localstack.request.http    : POST / => 500
2025-12-20T11:08:54.255 ERROR --- [   asgi_gw_1] l.aws.handlers.logging     : exception during call chain: Operation detection failed. Missing Action in request for query-protocol service ServiceModel(sqs).
2025-12-20T11:08:54.256  INFO --- [   asgi_gw_1] localstack.request.http    : POST / => 500
2025-12-20T11:08:55.039 ERROR --- [   asgi_gw_0] l.aws.handlers.logging     : exception during call chain: Operation detection failed. Missing Action in request for query-protocol service ServiceModel(sqs).
2025-12-20T11:08:55.039  INFO --- [   asgi_gw_0] localstack.request.http    : POST / => 500
2025-12-20T11:08:56.940 ERROR --- [   asgi_gw_2] l.aws.handlers.logging     : exception during call chain: Operation detection failed. Missing Action in request for query-protocol service ServiceModel(sqs).
2025-12-20T11:08:56.941  INFO --- [   asgi_gw_2] localstack.request.http    : POST / => 500
2025-12-20T11:09:00.641 ERROR --- [   asgi_gw_3] l.aws.handlers.logging     : exception during call chain: Operation detection failed. Missing Action in request for query-protocol service ServiceModel(sqs).
2025-12-20T11:09:00.642  INFO --- [   asgi_gw_3] localstack.request.http    : POST / => 500
2025-12-20T11:09:06.301 ERROR --- [   asgi_gw_0] l.aws.handlers.logging     : exception during call chain: Operation detection failed. Missing Action in request for query-protocol service ServiceModel(sqs).
2025-12-20T11:09:06.302  INFO --- [   asgi_gw_0] localstack.request.http    : POST / => 500
2025-12-20T11:09:19.319 ERROR --- [   asgi_gw_3] l.aws.handlers.logging     : exception during call chain: Operation detection failed. Missing Action in request for query-protocol service ServiceModel(sqs).
2025-12-20T11:09:19.320  INFO --- [   asgi_gw_3] localstack.request.http    : POST / => 500
2025-12-20T11:09:40.005 ERROR --- [   asgi_gw_2] l.aws.handlers.logging     : exception during call chain: Operation detection failed. Missing Action in request for query-protocol service ServiceModel(sqs).
2025-12-20T11:09:40.006  INFO --- [   asgi_gw_2] localstack.request.http    : POST / => 500
2025-12-20T11:10:30.804 ERROR --- [   asgi_gw_1] l.aws.handlers.logging     : exception during call chain: Operation detection failed. Missing Action in request for query-protocol service ServiceModel(sqs).
2025-12-20T11:10:30.805  INFO --- [   asgi_gw_1] localstack.request.http    : POST / => 500
2025-12-20T11:11:03.412  INFO --- [   asgi_gw_1] localstack.request.aws     : AWS s3.PutObject => 404 (NoSuchBucket)
2025-12-20T11:12:22.343 ERROR --- [   asgi_gw_1] l.aws.handlers.logging     : exception during call chain: Operation detection failed. Missing Action in request for query-protocol service ServiceModel(sqs).
2025-12-20T11:12:22.345  INFO --- [   asgi_gw_1] localstack.request.http    : POST / => 500
2025-12-20T11:15:05.995 ERROR --- [   asgi_gw_0] l.aws.handlers.logging     : exception during call chain: Operation detection failed. Missing Action in request for query-protocol service ServiceModel(sqs).
2025-12-20T11:15:05.996  INFO --- [   asgi_gw_0] localstack.request.http    : POST / => 500
2025-12-20T11:18:42.305 ERROR --- [   asgi_gw_0] l.aws.handlers.logging     : exception during call chain: Operation detection failed. Missing Action in request for query-protocol service ServiceModel(sqs).
2025-12-20T11:18:42.305  INFO --- [   asgi_gw_0] localstack.request.http    : POST / => 500
2025-12-20T11:23:09.518 ERROR --- [   asgi_gw_0] l.aws.handlers.logging     : exception during call chain: Operation detection failed. Missing Action in request for query-protocol service ServiceModel(sqs).
2025-12-20T11:23:09.519  INFO --- [   asgi_gw_0] localstack.request.http    : POST / => 500
2025-12-20T11:27:25.247 ERROR --- [   asgi_gw_2] l.aws.handlers.logging     : exception during call chain: Operation detection failed. Missing Action in request for query-protocol service ServiceModel(sqs).
2025-12-20T11:27:25.248  INFO --- [   asgi_gw_2] localstack.request.http    : POST / => 500
2025-12-20T11:30:13.229 ERROR --- [   asgi_gw_3] l.aws.handlers.logging     : exception during call chain: Operation detection failed. Missing Action in request for query-protocol service ServiceModel(sqs).
2025-12-20T11:30:13.230  INFO --- [   asgi_gw_3] localstack.request.http    : POST / => 500
2025-12-20T11:41:19.018  INFO --- [uncthread319] l.services.dynamodb.server : Initializing DynamoDB Local with the following configuration:
2025-12-20T11:41:19.018  INFO --- [uncthread319] l.services.dynamodb.server : Port:	45569
2025-12-20T11:41:19.018  INFO --- [uncthread319] l.services.dynamodb.server : InMemory:	false
2025-12-20T11:41:19.018  INFO --- [uncthread319] l.services.dynamodb.server : DbPath:	/var/lib/localstack/tmp/state/dynamodb
2025-12-20T11:41:19.018  INFO --- [uncthread319] l.services.dynamodb.server : SharedDb:	false
2025-12-20T11:41:19.018  INFO --- [uncthread319] l.services.dynamodb.server : shouldDelayTransientStatuses:	false
2025-12-20T11:41:19.018  INFO --- [uncthread319] l.services.dynamodb.server : CorsParams:	null
2025-12-20T11:41:19.037  INFO --- [uncthread319] l.services.dynamodb.server : 
2025-12-20T11:41:21.009  INFO --- [   asgi_gw_3] localstack.utils.bootstrap : Execution of "require" took 2665.23ms
2025-12-20T11:41:21.346  INFO --- [   asgi_gw_3] localstack.request.aws     : AWS dynamodb.CreateTable => 200
2025-12-20T11:48:36.672 ERROR --- [   asgi_gw_3] l.aws.handlers.logging     : exception during call chain: Operation detection failed. Missing Action in request for query-protocol service ServiceModel(sqs).
2025-12-20T11:48:36.673  INFO --- [   asgi_gw_3] localstack.request.http    : POST / => 500
2025-12-20T11:48:36.812 ERROR --- [   asgi_gw_1] l.aws.handlers.logging     : exception during call chain: Operation detection failed. Missing Action in request for query-protocol service ServiceModel(sqs).
2025-12-20T11:48:36.813  INFO --- [   asgi_gw_1] localstack.request.http    : POST / => 500
2025-12-20T11:48:38.423 ERROR --- [   asgi_gw_0] l.aws.handlers.logging     : exception during call chain: Operation detection failed. Missing Action in request for query-protocol service ServiceModel(sqs).
2025-12-20T11:48:38.424  INFO --- [   asgi_gw_0] localstack.request.http    : POST / => 500
2025-12-20T11:48:38.916 ERROR --- [   asgi_gw_2] l.aws.handlers.logging     : exception during call chain: Operation detection failed. Missing Action in request for query-protocol service ServiceModel(sqs).
2025-12-20T11:48:38.917  INFO --- [   asgi_gw_2] localstack.request.http    : POST / => 500
2025-12-20T11:48:39.018 ERROR --- [   asgi_gw_3] l.aws.handlers.logging     : exception during call chain: Operation detection failed. Missing Action in request for query-protocol service ServiceModel(sqs).
2025-12-20T11:48:39.019  INFO --- [   asgi_gw_3] localstack.request.http    : POST / => 500
2025-12-20T11:48:39.989 ERROR --- [   asgi_gw_1] l.aws.handlers.logging     : exception during call chain: Operation detection failed. Missing Action in request for query-protocol service ServiceModel(sqs).
2025-12-20T11:48:39.990  INFO --- [   asgi_gw_1] localstack.request.http    : POST / => 500
2025-12-20T11:51:39.134  INFO --- [   asgi_gw_1] localstack.request.aws     : AWS iam.GetRole => 200
2025-12-20T11:51:39.139  INFO --- [   asgi_gw_1] localstack.request.aws     : AWS sts.GetCallerIdentity => 200
2025-12-20T11:51:39.141  INFO --- [   asgi_gw_3] localstack.request.aws     : AWS sns.GetTopicAttributes => 200
2025-12-20T11:51:39.146  INFO --- [   asgi_gw_0] localstack.request.aws     : AWS iam.GetRole => 200
2025-12-20T11:51:39.153  INFO --- [   asgi_gw_2] localstack.request.aws     : AWS iam.ListRolePolicies => 200
2025-12-20T11:51:39.155  INFO --- [   asgi_gw_3] localstack.request.aws     : AWS sns.ListTagsForResource => 200
2025-12-20T11:51:39.156  INFO --- [   asgi_gw_0] localstack.request.aws     : AWS iam.ListRolePolicies => 200
2025-12-20T11:51:39.170  INFO --- [   asgi_gw_1] localstack.request.aws     : AWS iam.GetRolePolicy => 200
2025-12-20T11:51:39.171  INFO --- [   asgi_gw_2] localstack.request.aws     : AWS iam.ListAttachedRolePolicies => 200
2025-12-20T11:51:39.182  INFO --- [   asgi_gw_0] localstack.request.aws     : AWS iam.ListAttachedRolePolicies => 200
2025-12-20T11:51:39.184  INFO --- [   asgi_gw_1] localstack.request.aws     : AWS ssm.GetParameter => 200
2025-12-20T11:51:39.191  INFO --- [   asgi_gw_3] localstack.request.aws     : AWS s3.HeadBucket => 200
2025-12-20T11:51:39.224  INFO --- [   asgi_gw_2] localstack.request.aws     : AWS ssm.DescribeParameters => 200
2025-12-20T11:51:39.226  INFO --- [   asgi_gw_1] localstack.request.aws     : AWS iam.ListAttachedRolePolicies => 200
2025-12-20T11:51:39.230  INFO --- [   asgi_gw_0] localstack.request.aws     : AWS s3.GetBucketPolicy => 404 (NoSuchBucketPolicy)
2025-12-20T11:51:39.236  INFO --- [   asgi_gw_3] localstack.request.aws     : AWS ssm.ListTagsForResource => 200
2025-12-20T11:51:39.245  INFO --- [   asgi_gw_1] localstack.request.aws     : AWS s3.GetBucketAcl => 200
2025-12-20T11:51:39.348  INFO --- [   asgi_gw_2] localstack.request.aws     : AWS s3.GetBucketCors => 404 (NoSuchCORSConfiguration)
2025-12-20T11:51:39.358  INFO --- [   asgi_gw_3] localstack.request.aws     : AWS s3.GetBucketWebsite => 404 (NoSuchWebsiteConfiguration)
2025-12-20T11:51:39.368  INFO --- [   asgi_gw_0] localstack.request.aws     : AWS s3.GetBucketVersioning => 200
2025-12-20T11:51:39.377  INFO --- [   asgi_gw_1] localstack.request.aws     : AWS s3.GetBucketAccelerateConfiguration => 200
2025-12-20T11:51:39.472  INFO --- [   asgi_gw_2] localstack.request.aws     : AWS s3.GetBucketRequestPayment => 200
2025-12-20T11:51:39.479  INFO --- [   asgi_gw_0] localstack.request.aws     : AWS s3.GetBucketLogging => 200
2025-12-20T11:51:39.523  INFO --- [   asgi_gw_3] localstack.request.aws     : AWS s3.GetBucketLifecycleConfiguration => 200
2025-12-20T11:51:39.550  INFO --- [   asgi_gw_2] localstack.request.aws     : AWS s3.GetBucketReplication => 404 (ReplicationConfigurationNotFoundError)
2025-12-20T11:51:39.557  INFO --- [   asgi_gw_0] localstack.request.aws     : AWS s3.GetBucketEncryption => 200
2025-12-20T11:51:39.565  INFO --- [   asgi_gw_1] localstack.request.aws     : AWS s3.GetObjectLockConfiguration => 404 (ObjectLockConfigurationNotFoundError)
2025-12-20T11:51:39.573  INFO --- [   asgi_gw_3] localstack.request.aws     : AWS s3.HeadBucket => 200
2025-12-20T11:51:39.580  INFO --- [   asgi_gw_2] localstack.request.aws     : AWS s3.GetBucketTagging => 404 (NoSuchTagSet)
2025-12-20T11:51:39.597  INFO --- [   asgi_gw_3] localstack.request.aws     : AWS iam.GetPolicy => 200
2025-12-20T11:51:39.600  INFO --- [   asgi_gw_0] localstack.request.aws     : AWS s3.GetPublicAccessBlock => 200
2025-12-20T11:51:39.605  INFO --- [   asgi_gw_2] localstack.request.aws     : AWS iam.GetPolicyVersion => 200
2025-12-20T11:51:39.618  INFO --- [   asgi_gw_3] localstack.request.aws     : AWS iam.GetRolePolicy => 200
2025-12-20T11:51:41.839  INFO --- [   asgi_gw_1] localstack.request.aws     : AWS s3.GetBucketTagging => 404 (NoSuchTagSet)
2025-12-20T11:51:41.847  INFO --- [   asgi_gw_0] localstack.request.aws     : AWS s3.PutBucketTagging => 200
2025-12-20T11:51:41.855  INFO --- [   asgi_gw_2] localstack.request.aws     : AWS s3.HeadBucket => 200
2025-12-20T11:51:41.864  INFO --- [   asgi_gw_3] localstack.request.aws     : AWS s3.GetBucketPolicy => 404 (NoSuchBucketPolicy)
2025-12-20T11:51:41.870  INFO --- [   asgi_gw_1] localstack.request.aws     : AWS s3.GetBucketAcl => 200
2025-12-20T11:51:41.899  INFO --- [   asgi_gw_0] localstack.request.aws     : AWS s3.GetBucketCors => 404 (NoSuchCORSConfiguration)
2025-12-20T11:51:41.920  INFO --- [   asgi_gw_3] localstack.request.aws     : AWS s3.GetBucketWebsite => 404 (NoSuchWebsiteConfiguration)
2025-12-20T11:51:41.939  INFO --- [   asgi_gw_2] localstack.request.aws     : AWS s3.GetBucketVersioning => 200
2025-12-20T11:51:41.950  INFO --- [   asgi_gw_1] localstack.request.aws     : AWS s3.GetBucketAccelerateConfiguration => 200
2025-12-20T11:51:41.981  INFO --- [   asgi_gw_0] localstack.request.aws     : AWS s3.GetBucketRequestPayment => 200
2025-12-20T11:51:41.988  INFO --- [   asgi_gw_2] localstack.request.aws     : AWS s3.GetBucketLogging => 200
2025-12-20T11:51:42.014  INFO --- [   asgi_gw_3] localstack.request.aws     : AWS s3.GetBucketLifecycleConfiguration => 200
2025-12-20T11:51:42.043  INFO --- [   asgi_gw_0] localstack.request.aws     : AWS s3.GetBucketReplication => 404 (ReplicationConfigurationNotFoundError)
2025-12-20T11:51:42.050  INFO --- [   asgi_gw_2] localstack.request.aws     : AWS s3.GetBucketEncryption => 200
2025-12-20T11:51:42.059  INFO --- [   asgi_gw_1] localstack.request.aws     : AWS s3.GetObjectLockConfiguration => 404 (ObjectLockConfigurationNotFoundError)
2025-12-20T11:51:42.066  INFO --- [   asgi_gw_3] localstack.request.aws     : AWS s3.HeadBucket => 200
2025-12-20T11:51:42.074  INFO --- [   asgi_gw_0] localstack.request.aws     : AWS s3.GetBucketTagging => 200
2025-12-20T11:51:42.091  INFO --- [   asgi_gw_2] localstack.request.aws     : AWS iam.ListPolicyVersions => 200
2025-12-20T11:51:42.100  INFO --- [   asgi_gw_1] localstack.request.aws     : AWS iam.CreatePolicyVersion => 200
2025-12-20T11:51:42.108  INFO --- [   asgi_gw_3] localstack.request.aws     : AWS iam.GetPolicy => 200
2025-12-20T11:51:42.114  INFO --- [   asgi_gw_0] localstack.request.aws     : AWS iam.GetPolicyVersion => 200
2025-12-20T11:51:42.132  INFO --- [   asgi_gw_2] localstack.request.aws     : AWS iam.PutRolePolicy => 200
2025-12-20T11:51:42.140  INFO --- [   asgi_gw_1] localstack.request.aws     : AWS iam.GetRolePolicy => 200
2025-12-20T11:51:42.492  INFO --- [   asgi_gw_3] localstack.services.infra  : Starting mock Lambda service on http port 4566 ...
2025-12-20T11:51:43.113  INFO --- [   asgi_gw_3] localstack.utils.bootstrap : Execution of "require" took 883.68ms
2025-12-20T11:51:43.618  INFO --- [   asgi_gw_3] localstack.request.aws     : AWS lambda.CreateFunction => 200
2025-12-20T11:51:43.626  INFO --- [   asgi_gw_2] localstack.request.aws     : AWS lambda.GetFunction => 200
2025-12-20T11:51:48.636  INFO --- [   asgi_gw_0] localstack.request.aws     : AWS lambda.GetFunction => 200
2025-12-20T11:51:48.641  INFO --- [   asgi_gw_1] localstack.request.aws     : AWS lambda.GetFunction => 200
2025-12-20T11:51:48.649  INFO --- [   asgi_gw_3] localstack.request.aws     : AWS lambda.ListVersionsByFunction => 200
2025-12-20T11:51:48.655  INFO --- [   asgi_gw_2] localstack.request.aws     : AWS lambda.GetFunctionCodeSigningConfig => 200
2025-12-20T11:51:48.676 ERROR --- [   asgi_gw_0] l.aws.handlers.logging     : exception during call chain: An unknown error occurred when trying to parse the request.
2025-12-20T11:51:48.680  INFO --- [   asgi_gw_0] localstack.request.http    : POST / => 500
2025-12-20T11:51:48.682  INFO --- [   asgi_gw_2] localstack.request.aws     : AWS iam.CreatePolicy => 200
2025-12-20T11:51:48.687 ERROR --- [   asgi_gw_2] l.aws.handlers.logging     : exception during call chain: Operation detection failed. Missing Action in request for query-protocol service ServiceModel(cloudwatch).
2025-12-20T11:51:48.691  INFO --- [   asgi_gw_2] localstack.request.http    : POST /service/GraniteServiceVersion20100801/operation/PutMetricAlarm => 500
2025-12-20T11:51:48.876 ERROR --- [   asgi_gw_3] l.aws.handlers.logging     : exception during call chain: Operation detection failed. Missing Action in request for query-protocol service ServiceModel(cloudwatch).
2025-12-20T11:51:48.880 ERROR --- [   asgi_gw_2] l.aws.handlers.logging     : exception during call chain: An unknown error occurred when trying to parse the request.
2025-12-20T11:51:48.881  INFO --- [   asgi_gw_2] localstack.request.http    : POST / => 500
2025-12-20T11:51:48.884  INFO --- [   asgi_gw_0] localstack.request.aws     : AWS iam.GetPolicy => 200
2025-12-20T11:51:48.886  INFO --- [   asgi_gw_3] localstack.request.http    : POST /service/GraniteServiceVersion20100801/operation/PutMetricAlarm => 500
2025-12-20T11:51:48.898  INFO --- [   asgi_gw_1] localstack.request.aws     : AWS logs.CreateLogGroup => 200
2025-12-20T11:51:48.901  INFO --- [   asgi_gw_2] localstack.request.aws     : AWS iam.GetPolicyVersion => 200
2025-12-20T11:51:48.908  INFO --- [   asgi_gw_3] localstack.request.aws     : AWS logs.PutRetentionPolicy => 200
2025-12-20T11:51:48.923  INFO --- [   asgi_gw_2] localstack.request.aws     : AWS iam.AttachRolePolicy => 404 (NoSuchEntity)
2025-12-20T11:51:48.924  INFO --- [   asgi_gw_1] localstack.request.aws     : AWS logs.DescribeLogGroups => 200
2025-12-20T11:51:48.938 ERROR --- [   asgi_gw_3] l.aws.handlers.logging     : exception during call chain: An unknown error occurred when trying to parse the request.
2025-12-20T11:51:48.940  INFO --- [   asgi_gw_3] localstack.request.http    : POST / => 500
2025-12-20T11:51:49.056 ERROR --- [   asgi_gw_2] l.aws.handlers.logging     : exception during call chain: An unknown error occurred when trying to parse the request.
2025-12-20T11:51:49.057  INFO --- [   asgi_gw_2] localstack.request.http    : POST / => 500
2025-12-20T11:51:49.097 ERROR --- [   asgi_gw_0] l.aws.handlers.logging     : exception during call chain: An unknown error occurred when trying to parse the request.
2025-12-20T11:51:49.098  INFO --- [   asgi_gw_0] localstack.request.http    : POST / => 500
2025-12-20T11:51:49.146 ERROR --- [   asgi_gw_1] l.aws.handlers.logging     : exception during call chain: Operation detection failed. Missing Action in request for query-protocol service ServiceModel(cloudwatch).
2025-12-20T11:51:49.147  INFO --- [   asgi_gw_1] localstack.request.http    : POST /service/GraniteServiceVersion20100801/operation/PutMetricAlarm => 500
2025-12-20T11:51:49.271 ERROR --- [   asgi_gw_3] l.aws.handlers.logging     : exception during call chain: An unknown error occurred when trying to parse the request.
2025-12-20T11:51:49.272  INFO --- [   asgi_gw_3] localstack.request.http    : POST / => 500
2025-12-20T11:51:49.433 ERROR --- [   asgi_gw_2] l.aws.handlers.logging     : exception during call chain: Operation detection failed. Missing Action in request for query-protocol service ServiceModel(cloudwatch).
2025-12-20T11:51:49.434  INFO --- [   asgi_gw_2] localstack.request.http    : POST /service/GraniteServiceVersion20100801/operation/PutMetricAlarm => 500
2025-12-20T11:51:49.451 ERROR --- [   asgi_gw_0] l.aws.handlers.logging     : exception during call chain: An unknown error occurred when trying to parse the request.
2025-12-20T11:51:49.452  INFO --- [   asgi_gw_0] localstack.request.http    : POST / => 500
2025-12-20T11:51:49.729 ERROR --- [   asgi_gw_1] l.aws.handlers.logging     : exception during call chain: An unknown error occurred when trying to parse the request.
2025-12-20T11:51:49.730  INFO --- [   asgi_gw_1] localstack.request.http    : POST / => 500
2025-12-20T11:51:50.316 ERROR --- [   asgi_gw_3] l.aws.handlers.logging     : exception during call chain: Operation detection failed. Missing Action in request for query-protocol service ServiceModel(cloudwatch).
2025-12-20T11:51:50.317  INFO --- [   asgi_gw_3] localstack.request.http    : POST /service/GraniteServiceVersion20100801/operation/PutMetricAlarm => 500
2025-12-20T11:51:50.342 ERROR --- [   asgi_gw_2] l.aws.handlers.logging     : exception during call chain: An unknown error occurred when trying to parse the request.
2025-12-20T11:51:50.343  INFO --- [   asgi_gw_2] localstack.request.http    : POST / => 500
2025-12-20T11:51:50.374 ERROR --- [   asgi_gw_0] l.aws.handlers.logging     : exception during call chain: An unknown error occurred when trying to parse the request.
2025-12-20T11:51:50.375  INFO --- [   asgi_gw_0] localstack.request.http    : POST / => 500
2025-12-20T11:51:51.404 ERROR --- [   asgi_gw_1] l.aws.handlers.logging     : exception during call chain: Operation detection failed. Missing Action in request for query-protocol service ServiceModel(cloudwatch).
2025-12-20T11:51:51.405  INFO --- [   asgi_gw_1] localstack.request.http    : POST /service/GraniteServiceVersion20100801/operation/PutMetricAlarm => 500
2025-12-20T11:51:51.482 ERROR --- [   asgi_gw_3] l.aws.handlers.logging     : exception during call chain: An unknown error occurred when trying to parse the request.
2025-12-20T11:51:51.482  INFO --- [   asgi_gw_3] localstack.request.http    : POST / => 500
2025-12-20T11:51:51.491 ERROR --- [   asgi_gw_2] l.aws.handlers.logging     : exception during call chain: An unknown error occurred when trying to parse the request.
2025-12-20T11:51:51.492  INFO --- [   asgi_gw_2] localstack.request.http    : POST / => 500
2025-12-20T11:51:54.294 ERROR --- [   asgi_gw_1] l.aws.handlers.logging     : exception during call chain: Operation detection failed. Missing Action in request for query-protocol service ServiceModel(cloudwatch).
2025-12-20T11:51:54.294  INFO --- [   asgi_gw_1] localstack.request.http    : POST /service/GraniteServiceVersion20100801/operation/PutMetricAlarm => 500
2025-12-20T11:51:54.813 ERROR --- [   asgi_gw_3] l.aws.handlers.logging     : exception during call chain: An unknown error occurred when trying to parse the request.
2025-12-20T11:51:54.814  INFO --- [   asgi_gw_3] localstack.request.http    : POST / => 500
2025-12-20T11:51:55.157 ERROR --- [   asgi_gw_2] l.aws.handlers.logging     : exception during call chain: An unknown error occurred when trying to parse the request.
2025-12-20T11:51:55.158  INFO --- [   asgi_gw_2] localstack.request.http    : POST / => 500
2025-12-20T11:51:59.805 ERROR --- [   asgi_gw_0] l.aws.handlers.logging     : exception during call chain: Operation detection failed. Missing Action in request for query-protocol service ServiceModel(cloudwatch).
2025-12-20T11:51:59.806  INFO --- [   asgi_gw_0] localstack.request.http    : POST /service/GraniteServiceVersion20100801/operation/PutMetricAlarm => 500
2025-12-20T11:52:01.272 ERROR --- [   asgi_gw_1] l.aws.handlers.logging     : exception during call chain: An unknown error occurred when trying to parse the request.
2025-12-20T11:52:01.273  INFO --- [   asgi_gw_1] localstack.request.http    : POST / => 500
2025-12-20T11:52:01.332 ERROR --- [   asgi_gw_3] l.aws.handlers.logging     : exception during call chain: An unknown error occurred when trying to parse the request.
2025-12-20T11:52:01.333  INFO --- [   asgi_gw_3] localstack.request.http    : POST / => 500
2025-12-20T11:52:10.982 ERROR --- [   asgi_gw_0] l.aws.handlers.logging     : exception during call chain: An unknown error occurred when trying to parse the request.
2025-12-20T11:52:10.983  INFO --- [   asgi_gw_0] localstack.request.http    : POST / => 500
2025-12-20T11:52:11.852 ERROR --- [   asgi_gw_1] l.aws.handlers.logging     : exception during call chain: An unknown error occurred when trying to parse the request.
2025-12-20T11:52:11.853  INFO --- [   asgi_gw_1] localstack.request.http    : POST / => 500
2025-12-20T11:52:12.924 ERROR --- [   asgi_gw_3] l.aws.handlers.logging     : exception during call chain: Operation detection failed. Missing Action in request for query-protocol service ServiceModel(cloudwatch).
2025-12-20T11:52:12.925  INFO --- [   asgi_gw_3] localstack.request.http    : POST /service/GraniteServiceVersion20100801/operation/PutMetricAlarm => 500
2025-12-20T11:52:30.143 ERROR --- [   asgi_gw_1] l.aws.handlers.logging     : exception during call chain: Operation detection failed. Missing Action in request for query-protocol service ServiceModel(cloudwatch).
2025-12-20T11:52:30.144  INFO --- [   asgi_gw_1] localstack.request.http    : POST /service/GraniteServiceVersion20100801/operation/PutMetricAlarm => 500
2025-12-20T11:52:36.619 ERROR --- [   asgi_gw_2] l.aws.handlers.logging     : exception during call chain: An unknown error occurred when trying to parse the request.
2025-12-20T11:52:36.620  INFO --- [   asgi_gw_2] localstack.request.http    : POST / => 500
2025-12-20T11:52:37.420 ERROR --- [   asgi_gw_3] l.aws.handlers.logging     : exception during call chain: An unknown error occurred when trying to parse the request.
2025-12-20T11:52:37.421  INFO --- [   asgi_gw_3] localstack.request.http    : POST / => 500
2025-12-20T11:53:05.149 ERROR --- [   asgi_gw_2] l.aws.handlers.logging     : exception during call chain: Operation detection failed. Missing Action in request for query-protocol service ServiceModel(cloudwatch).
2025-12-20T11:53:05.149  INFO --- [   asgi_gw_2] localstack.request.http    : POST /service/GraniteServiceVersion20100801/operation/PutMetricAlarm => 500
2025-12-20T11:53:34.664 ERROR --- [   asgi_gw_2] l.aws.handlers.logging     : exception during call chain: An unknown error occurred when trying to parse the request.
2025-12-20T11:53:34.664  INFO --- [   asgi_gw_2] localstack.request.http    : POST / => 500
2025-12-20T11:53:37.273 ERROR --- [   asgi_gw_3] l.aws.handlers.logging     : exception during call chain: An unknown error occurred when trying to parse the request.
2025-12-20T11:53:37.274  INFO --- [   asgi_gw_3] localstack.request.http    : POST / => 500
2025-12-20T11:54:27.619 ERROR --- [   asgi_gw_0] l.aws.handlers.logging     : exception during call chain: Operation detection failed. Missing Action in request for query-protocol service ServiceModel(cloudwatch).
2025-12-20T11:54:27.620  INFO --- [   asgi_gw_0] localstack.request.http    : POST /service/GraniteServiceVersion20100801/operation/PutMetricAlarm => 500
2025-12-20T11:54:41.882 ERROR --- [   asgi_gw_3] l.aws.handlers.logging     : exception during call chain: An unknown error occurred when trying to parse the request.
2025-12-20T11:54:41.882  INFO --- [   asgi_gw_3] localstack.request.http    : POST / => 500
2025-12-20T11:54:58.755 ERROR --- [   asgi_gw_2] l.aws.handlers.logging     : exception during call chain: An unknown error occurred when trying to parse the request.
2025-12-20T11:54:58.756  INFO --- [   asgi_gw_2] localstack.request.http    : POST / => 500
2025-12-20T12:15:44.696  INFO --- [   asgi_gw_2] localstack.request.aws     : AWS iam.GetRole => 200
2025-12-20T12:15:44.741  INFO --- [   asgi_gw_3] localstack.request.aws     : AWS iam.ListRolePolicies => 200
2025-12-20T12:15:44.751  INFO --- [   asgi_gw_0] localstack.request.aws     : AWS sns.GetTopicAttributes => 200
2025-12-20T12:15:44.752  INFO --- [   asgi_gw_1] localstack.request.aws     : AWS sts.GetCallerIdentity => 200
2025-12-20T12:15:44.752  INFO --- [   asgi_gw_2] localstack.request.aws     : AWS iam.GetRole => 200
2025-12-20T12:15:44.771  INFO --- [   asgi_gw_3] localstack.request.aws     : AWS sns.ListTagsForResource => 200
2025-12-20T12:15:44.788  INFO --- [   asgi_gw_1] localstack.request.aws     : AWS iam.ListRolePolicies => 200
2025-12-20T12:15:44.805  INFO --- [   asgi_gw_0] localstack.request.aws     : AWS iam.ListAttachedRolePolicies => 200
2025-12-20T12:15:44.822  INFO --- [   asgi_gw_2] localstack.request.aws     : AWS iam.GetRolePolicy => 200
2025-12-20T12:15:44.834  INFO --- [   asgi_gw_3] localstack.request.aws     : AWS s3.HeadBucket => 200
2025-12-20T12:15:44.851  INFO --- [   asgi_gw_1] localstack.request.aws     : AWS iam.ListAttachedRolePolicies => 200
2025-12-20T12:15:44.856  INFO --- [   asgi_gw_2] localstack.request.aws     : AWS s3.GetBucketPolicy => 404 (NoSuchBucketPolicy)
2025-12-20T12:15:44.886  INFO --- [   asgi_gw_1] localstack.request.aws     : AWS ssm.GetParameter => 200
2025-12-20T12:15:44.889  INFO --- [   asgi_gw_0] localstack.request.aws     : AWS s3.GetBucketAcl => 200
2025-12-20T12:15:44.913  INFO --- [   asgi_gw_1] localstack.request.aws     : AWS ssm.DescribeParameters => 200
2025-12-20T12:15:44.915  INFO --- [   asgi_gw_2] localstack.request.aws     : AWS iam.ListAttachedRolePolicies => 200
2025-12-20T12:15:44.921  INFO --- [   asgi_gw_0] localstack.request.aws     : AWS ssm.ListTagsForResource => 200
2025-12-20T12:15:45.037  INFO --- [   asgi_gw_3] localstack.request.aws     : AWS s3.GetBucketCors => 404 (NoSuchCORSConfiguration)
2025-12-20T12:15:45.129  INFO --- [   asgi_gw_0] localstack.request.aws     : AWS s3.GetBucketWebsite => 404 (NoSuchWebsiteConfiguration)
2025-12-20T12:15:45.141  INFO --- [   asgi_gw_2] localstack.request.aws     : AWS s3.GetBucketVersioning => 200
2025-12-20T12:15:45.156  INFO --- [   asgi_gw_1] localstack.request.aws     : AWS s3.GetBucketAccelerateConfiguration => 200
2025-12-20T12:15:45.207  INFO --- [   asgi_gw_3] localstack.request.aws     : AWS s3.GetBucketRequestPayment => 200
2025-12-20T12:15:45.217  INFO --- [   asgi_gw_0] localstack.request.aws     : AWS s3.GetBucketLogging => 200
2025-12-20T12:15:45.247  INFO --- [   asgi_gw_2] localstack.request.aws     : AWS s3.GetBucketLifecycleConfiguration => 200
2025-12-20T12:15:45.287  INFO --- [   asgi_gw_3] localstack.request.aws     : AWS s3.GetBucketReplication => 404 (ReplicationConfigurationNotFoundError)
2025-12-20T12:15:45.327  INFO --- [   asgi_gw_0] localstack.request.aws     : AWS s3.GetBucketEncryption => 200
2025-12-20T12:15:45.340  INFO --- [   asgi_gw_1] localstack.request.aws     : AWS s3.GetObjectLockConfiguration => 404 (ObjectLockConfigurationNotFoundError)
2025-12-20T12:15:45.351  INFO --- [   asgi_gw_2] localstack.request.aws     : AWS s3.HeadBucket => 200
2025-12-20T12:15:45.360  INFO --- [   asgi_gw_3] localstack.request.aws     : AWS s3.GetBucketTagging => 200
2025-12-20T12:15:45.387  INFO --- [   asgi_gw_1] localstack.request.aws     : AWS iam.GetPolicy => 200
2025-12-20T12:15:45.391  INFO --- [   asgi_gw_0] localstack.request.aws     : AWS s3.GetPublicAccessBlock => 200
2025-12-20T12:15:45.399  INFO --- [   asgi_gw_2] localstack.request.aws     : AWS iam.GetPolicyVersion => 200
2025-12-20T12:15:45.411  INFO --- [   asgi_gw_1] localstack.request.aws     : AWS iam.GetRolePolicy => 200
2025-12-20T12:15:45.450  INFO --- [   asgi_gw_3] localstack.request.aws     : AWS lambda.GetFunction => 200
2025-12-20T12:15:45.459  INFO --- [   asgi_gw_0] localstack.request.aws     : AWS lambda.ListVersionsByFunction => 200
2025-12-20T12:15:45.467  INFO --- [   asgi_gw_2] localstack.request.aws     : AWS lambda.GetFunctionCodeSigningConfig => 200
2025-12-20T12:15:45.491  INFO --- [   asgi_gw_1] localstack.request.aws     : AWS iam.GetPolicy => 200
2025-12-20T12:15:45.495 ERROR --- [   asgi_gw_3] l.aws.handlers.logging     : exception during call chain: An unknown error occurred when trying to parse the request.
2025-12-20T12:15:45.497  INFO --- [   asgi_gw_2] localstack.request.aws     : AWS iam.GetPolicyVersion => 200
2025-12-20T12:15:45.498  INFO --- [   asgi_gw_3] localstack.request.http    : POST / => 500
2025-12-20T12:15:45.614 ERROR --- [   asgi_gw_1] l.aws.handlers.logging     : exception during call chain: An unknown error occurred when trying to parse the request.
2025-12-20T12:15:45.616  INFO --- [   asgi_gw_1] localstack.request.http    : POST / => 500
2025-12-20T12:15:45.825 ERROR --- [   asgi_gw_2] l.aws.handlers.logging     : exception during call chain: An unknown error occurred when trying to parse the request.
2025-12-20T12:15:45.826  INFO --- [   asgi_gw_2] localstack.request.http    : POST / => 500
2025-12-20T12:15:46.087 ERROR --- [   asgi_gw_0] l.aws.handlers.logging     : exception during call chain: An unknown error occurred when trying to parse the request.
2025-12-20T12:15:46.088  INFO --- [   asgi_gw_0] localstack.request.http    : POST / => 500
2025-12-20T12:15:46.861 ERROR --- [   asgi_gw_3] l.aws.handlers.logging     : exception during call chain: An unknown error occurred when trying to parse the request.
2025-12-20T12:15:46.862  INFO --- [   asgi_gw_3] localstack.request.http    : POST / => 500
2025-12-20T12:15:48.161 ERROR --- [   asgi_gw_1] l.aws.handlers.logging     : exception during call chain: An unknown error occurred when trying to parse the request.
2025-12-20T12:15:48.163  INFO --- [   asgi_gw_1] localstack.request.http    : POST / => 500
2025-12-20T12:15:51.083 ERROR --- [   asgi_gw_2] l.aws.handlers.logging     : exception during call chain: An unknown error occurred when trying to parse the request.
2025-12-20T12:15:51.085  INFO --- [   asgi_gw_2] localstack.request.http    : POST / => 500
2025-12-20T12:15:55.390 ERROR --- [   asgi_gw_0] l.aws.handlers.logging     : exception during call chain: An unknown error occurred when trying to parse the request.
2025-12-20T12:15:55.391  INFO --- [   asgi_gw_0] localstack.request.http    : POST / => 500
2025-12-20T12:16:08.619 ERROR --- [   asgi_gw_2] l.aws.handlers.logging     : exception during call chain: An unknown error occurred when trying to parse the request.
2025-12-20T12:16:08.620  INFO --- [   asgi_gw_2] localstack.request.http    : POST / => 500
2025-12-20T12:16:25.960 ERROR --- [   asgi_gw_3] l.aws.handlers.logging     : exception during call chain: An unknown error occurred when trying to parse the request.
2025-12-20T12:16:25.961  INFO --- [   asgi_gw_3] localstack.request.http    : POST / => 500
2025-12-20T12:17:07.578 ERROR --- [   asgi_gw_1] l.aws.handlers.logging     : exception during call chain: An unknown error occurred when trying to parse the request.
2025-12-20T12:17:07.579  INFO --- [   asgi_gw_1] localstack.request.http    : POST / => 500
2025-12-20T12:18:07.957  INFO --- [   asgi_gw_3] localstack.request.aws     : AWS s3.PutObject => 404 (NoSuchBucket)
2025-12-20T12:18:25.004 ERROR --- [   asgi_gw_0] l.aws.handlers.logging     : exception during call chain: An unknown error occurred when trying to parse the request.
2025-12-20T12:18:25.005  INFO --- [   asgi_gw_0] localstack.request.http    : POST / => 500
2025-12-20T12:21:07.990  INFO --- [   asgi_gw_1] localstack.request.aws     : AWS s3.PutObject => 200
2025-12-20T12:21:08.584  INFO --- [   asgi_gw_2] localstack.request.aws     : AWS s3.ListObjectsV2 => 200
2025-12-20T12:21:09.152  INFO --- [   asgi_gw_0] localstack.request.aws     : AWS s3.GetBucketNotificationConfiguration => 200
